<?xml version="1.0" encoding="UTF-8"?>
<testsuite xmlns:xsi="http://www.w3.org/2001/XMLSchema-instance" xsi:noNamespaceSchemaLocation="https://maven.apache.org/surefire/maven-surefire-plugin/xsd/surefire-test-report-3.0.xsd" version="3.0" name="test.user.CreateUserTest" time="4.239" tests="5" errors="0" skipped="0" failures="0">
  <properties>
[...]
</properties>
  <testcase name="createUniqueUser" classname="test.user.CreateUserTest" time="1.366">
    <system-out><![CDATA[Request method:	POST
Request URI:	https://stellarburgers.education-services.ru/api/auth/register
Proxy:			<none>
Request params:	<none>
Query params:	<none>
Form params:	<none>
Path params:	<none>
Headers:		Accept=*/*
				Content-Type=application/json
Cookies:		<none>
Multiparts:		<none>
Body:
{
    "email": "test941081900@gmail.ru",
    "password": "testtest",
    "name": "test941081900"
}
HTTP/1.1 200 OK
Server: nginx/1.24.0 (Ubuntu)
Date: Mon, 16 Mar 2026 16:22:17 GMT
Content-Type: application/json; charset=utf-8
Connection: keep-alive
X-Powered-By: Express
Access-Control-Allow-Origin: *
authorization: Bearer eyJhbGciOiJIUzI1NiIsInR5cCI6IkpXVCJ9.eyJpZCI6IjY5YjgyZTM5OTg0MjcwMDAxYmU2YTUzZiIsImlhdCI6MTc3MzY3ODEzNywiZXhwIjoxNzczNjc5MzM3fQ.QD_KR8zZrkE1zaagxnqVFRP_w38GjsPKxAjeD6ENzV0
ETag: W/"176-uzUKIBXqKq14sty8ZfH5JwW27vM"
Content-Length: 374

{
    "success": true,
    "user": {
        "email": "test941081900@gmail.ru",
        "name": "test941081900"
    },
    "accessToken": "Bearer eyJhbGciOiJIUzI1NiIsInR5cCI6IkpXVCJ9.eyJpZCI6IjY5YjgyZTM5OTg0MjcwMDAxYmU2YTUzZiIsImlhdCI6MTc3MzY3ODEzNywiZXhwIjoxNzczNjc5MzM3fQ.QD_KR8zZrkE1zaagxnqVFRP_w38GjsPKxAjeD6ENzV0",
    "refreshToken": "fc26c40062286178620e02a3dd1bd377b09bfe02618af020806a7e33e627439d8e72b87814d6b2cc"
}
Request method:	DELETE
Request URI:	https://stellarburgers.education-services.ru/api/auth/user
Proxy:			<none>
Request params:	<none>
Query params:	<none>
Form params:	<none>
Path params:	<none>
Headers:		Accept=*/*
				Content-Type=application/json
Cookies:		<none>
Multiparts:		<none>
Body:			<none>
HTTP/1.1 202 Accepted
Server: nginx/1.24.0 (Ubuntu)
Date: Mon, 16 Mar 2026 16:22:18 GMT
Content-Type: application/json; charset=utf-8
Connection: keep-alive
X-Powered-By: Express
Access-Control-Allow-Origin: *
ETag: W/"36-hDmZnQ3Ou/ynnqAeC6TYmyseuzY"
Content-Length: 54

{
    "success": true,
    "message": "User successfully removed"
}
]]></system-out>
  </testcase>
  <testcase name="createDuplicateUser" classname="test.user.CreateUserTest" time="1.753">
    <system-out><![CDATA[Request method:	POST
Request URI:	https://stellarburgers.education-services.ru/api/auth/register
Proxy:			<none>
Request params:	<none>
Query params:	<none>
Form params:	<none>
Path params:	<none>
Headers:		Accept=*/*
				Content-Type=application/json
Cookies:		<none>
Multiparts:		<none>
Body:
{
    "email": "test315449500@gmail.ru",
    "password": "testtest",
    "name": "test315449500"
}
HTTP/1.1 200 OK
Server: nginx/1.24.0 (Ubuntu)
Date: Mon, 16 Mar 2026 16:22:18 GMT
Content-Type: application/json; charset=utf-8
Connection: keep-alive
X-Powered-By: Express
Access-Control-Allow-Origin: *
authorization: Bearer eyJhbGciOiJIUzI1NiIsInR5cCI6IkpXVCJ9.eyJpZCI6IjY5YjgyZTNhOTg0MjcwMDAxYmU2YTU0MSIsImlhdCI6MTc3MzY3ODEzOCwiZXhwIjoxNzczNjc5MzM4fQ.6A_bggoCWxLUleTAsjWL4DQPqxVpAG8jJCQxLQ5catA
ETag: W/"176-h+oBEfE3UZhMzARfZW39cttuAjY"
Content-Length: 374

{
    "success": true,
    "user": {
        "email": "test315449500@gmail.ru",
        "name": "test315449500"
    },
    "accessToken": "Bearer eyJhbGciOiJIUzI1NiIsInR5cCI6IkpXVCJ9.eyJpZCI6IjY5YjgyZTNhOTg0MjcwMDAxYmU2YTU0MSIsImlhdCI6MTc3MzY3ODEzOCwiZXhwIjoxNzczNjc5MzM4fQ.6A_bggoCWxLUleTAsjWL4DQPqxVpAG8jJCQxLQ5catA",
    "refreshToken": "f6ffae3aa348fc55e59b132a7d1ddc5744e11103c79014130bbc457de4de3d2b2e4cec5ec20cce39"
}
Request method:	POST
Request URI:	https://stellarburgers.education-services.ru/api/auth/register
Proxy:			<none>
Request params:	<none>
Query params:	<none>
Form params:	<none>
Path params:	<none>
Headers:		Accept=*/*
				Content-Type=application/json
Cookies:		<none>
Multiparts:		<none>
Body:
{
    "email": "test315449500@gmail.ru",
    "password": "testtest",
    "name": "test315449500"
}
HTTP/1.1 403 Forbidden
Server: nginx/1.24.0 (Ubuntu)
Date: Mon, 16 Mar 2026 16:22:19 GMT
Content-Type: application/json; charset=utf-8
Connection: keep-alive
X-Powered-By: Express
Access-Control-Allow-Origin: *
ETag: W/"31-WKEMg8zALB1Ko0WjUHi/6RBGHVc"
Content-Length: 49

{
    "success": false,
    "message": "User already exists"
}
Request method:	DELETE
Request URI:	https://stellarburgers.education-services.ru/api/auth/user
Proxy:			<none>
Request params:	<none>
Query params:	<none>
Form params:	<none>
Path params:	<none>
Headers:		Accept=*/*
				Content-Type=application/json
Cookies:		<none>
Multiparts:		<none>
Body:			<none>
HTTP/1.1 202 Accepted
Server: nginx/1.24.0 (Ubuntu)
Date: Mon, 16 Mar 2026 16:22:20 GMT
Content-Type: application/json; charset=utf-8
Connection: keep-alive
X-Powered-By: Express
Access-Control-Allow-Origin: *
ETag: W/"36-hDmZnQ3Ou/ynnqAeC6TYmyseuzY"
Content-Length: 54

{
    "success": true,
    "message": "User successfully removed"
}
]]></system-out>
  </testcase>
  <testcase name="createUserWithoutRequiredFields(User)[1]" classname="test.user.CreateUserTest" time="0.354">
    <system-out><![CDATA[Request method:	POST
Request URI:	https://stellarburgers.education-services.ru/api/auth/register
Proxy:			<none>
Request params:	<none>
Query params:	<none>
Form params:	<none>
Path params:	<none>
Headers:		Accept=*/*
				Content-Type=application/json
Cookies:		<none>
Multiparts:		<none>
Body:
{
    "email": "",
    "password": "testtest",
    "name": "test1"
}
HTTP/1.1 403 Forbidden
Server: nginx/1.24.0 (Ubuntu)
Date: Mon, 16 Mar 2026 16:22:20 GMT
Content-Type: application/json; charset=utf-8
Connection: keep-alive
X-Powered-By: Express
Access-Control-Allow-Origin: *
ETag: W/"4a-EmWdisR78lCFKIQWVZ3yQkk5Ixs"
Content-Length: 74

{
    "success": false,
    "message": "Email, password and name are required fields"
}
]]></system-out>
  </testcase>
  <testcase name="createUserWithoutRequiredFields(User)[2]" classname="test.user.CreateUserTest" time="0.359">
    <system-out><![CDATA[Request method:	POST
Request URI:	https://stellarburgers.education-services.ru/api/auth/register
Proxy:			<none>
Request params:	<none>
Query params:	<none>
Form params:	<none>
Path params:	<none>
Headers:		Accept=*/*
				Content-Type=application/json
Cookies:		<none>
Multiparts:		<none>
Body:
{
    "email": "test123@mail.ru",
    "password": "testtest",
    "name": ""
}
HTTP/1.1 403 Forbidden
Server: nginx/1.24.0 (Ubuntu)
Date: Mon, 16 Mar 2026 16:22:20 GMT
Content-Type: application/json; charset=utf-8
Connection: keep-alive
X-Powered-By: Express
Access-Control-Allow-Origin: *
ETag: W/"4a-EmWdisR78lCFKIQWVZ3yQkk5Ixs"
Content-Length: 74

{
    "success": false,
    "message": "Email, password and name are required fields"
}
]]></system-out>
  </testcase>
  <testcase name="createUserWithoutRequiredFields(User)[3]" classname="test.user.CreateUserTest" time="0.358">
    <system-out><![CDATA[Request method:	POST
Request URI:	https://stellarburgers.education-services.ru/api/auth/register
Proxy:			<none>
Request params:	<none>
Query params:	<none>
Form params:	<none>
Path params:	<none>
Headers:		Accept=*/*
				Content-Type=application/json
Cookies:		<none>
Multiparts:		<none>
Body:
{
    "email": "test456@mail.ru",
    "password": "",
    "name": "testUser"
}
HTTP/1.1 403 Forbidden
Server: nginx/1.24.0 (Ubuntu)
Date: Mon, 16 Mar 2026 16:22:21 GMT
Content-Type: application/json; charset=utf-8
Connection: keep-alive
X-Powered-By: Express
Access-Control-Allow-Origin: *
ETag: W/"4a-EmWdisR78lCFKIQWVZ3yQkk5Ixs"
Content-Length: 74

{
    "success": false,
    "message": "Email, password and name are required fields"
}
]]></system-out>
  </testcase>
</testsuite>