<?xml version="1.0" encoding="UTF-8"?>
<testsuite xmlns:xsi="http://www.w3.org/2001/XMLSchema-instance" xsi:noNamespaceSchemaLocation="https://maven.apache.org/surefire/maven-surefire-plugin/xsd/surefire-test-report-3.0.xsd" version="3.0" name="test.user.CreateUserTest" time="4.282" tests="5" errors="0" skipped="0" failures="0">
  <properties>
[...]
</properties>
  <testcase name="createUniqueUser" classname="test.user.CreateUserTest" time="1.445">
    <system-out><![CDATA[Request method:	POST
Request URI:	https://stellarburgers.education-services.ru/api/auth/register
Proxy:			<none>
Request params:	<none>
Query params:	<none>
Form params:	<none>
Path params:	<none>
Headers:		Accept=*/*
				Content-Type=application/json
Cookies:		<none>
Multiparts:		<none>
Body:
{
    "email": "test339304000@gmail.ru",
    "password": "testtest",
    "name": "test339304000"
}
HTTP/1.1 200 OK
Server: nginx/1.24.0 (Ubuntu)
Date: Wed, 25 Mar 2026 15:49:36 GMT
Content-Type: application/json; charset=utf-8
Connection: keep-alive
X-Powered-By: Express
Access-Control-Allow-Origin: *
authorization: Bearer eyJhbGciOiJIUzI1NiIsInR5cCI6IkpXVCJ9.eyJpZCI6IjY5YzQwNDEwOTg0MjcwMDAxYmU3M2RkNCIsImlhdCI6MTc3NDQ1Mzc3NiwiZXhwIjoxNzc0NDU0OTc2fQ.VmWoAgZJ0CE0o9zo9aP18TtXDSN3YXabC9fHk01jIWw
ETag: W/"176-EpPoMXStTwwwJnZi4FUQHqFZMn0"
Content-Length: 374

{
    "success": true,
    "user": {
        "email": "test339304000@gmail.ru",
        "name": "test339304000"
    },
    "accessToken": "Bearer eyJhbGciOiJIUzI1NiIsInR5cCI6IkpXVCJ9.eyJpZCI6IjY5YzQwNDEwOTg0MjcwMDAxYmU3M2RkNCIsImlhdCI6MTc3NDQ1Mzc3NiwiZXhwIjoxNzc0NDU0OTc2fQ.VmWoAgZJ0CE0o9zo9aP18TtXDSN3YXabC9fHk01jIWw",
    "refreshToken": "018d044f7fb1d31c9de635877e15e8545fc14460fa2661bf0bfb8bdc2430f68af54bf1e3cd0b6922"
}
Request method:	DELETE
Request URI:	https://stellarburgers.education-services.ru/api/auth/user
Proxy:			<none>
Request params:	<none>
Query params:	<none>
Form params:	<none>
Path params:	<none>
Headers:		Accept=*/*
				Content-Type=application/json
Cookies:		<none>
Multiparts:		<none>
Body:			<none>
HTTP/1.1 202 Accepted
Server: nginx/1.24.0 (Ubuntu)
Date: Wed, 25 Mar 2026 15:49:37 GMT
Content-Type: application/json; charset=utf-8
Connection: keep-alive
X-Powered-By: Express
Access-Control-Allow-Origin: *
ETag: W/"36-hDmZnQ3Ou/ynnqAeC6TYmyseuzY"
Content-Length: 54

{
    "success": true,
    "message": "User successfully removed"
}
]]></system-out>
  </testcase>
  <testcase name="createDuplicateUser" classname="test.user.CreateUserTest" time="1.698">
    <system-out><![CDATA[Request method:	POST
Request URI:	https://stellarburgers.education-services.ru/api/auth/register
Proxy:			<none>
Request params:	<none>
Query params:	<none>
Form params:	<none>
Path params:	<none>
Headers:		Accept=*/*
				Content-Type=application/json
Cookies:		<none>
Multiparts:		<none>
Body:
{
    "email": "test794115800@gmail.ru",
    "password": "testtest",
    "name": "test794115800"
}
HTTP/1.1 200 OK
Server: nginx/1.24.0 (Ubuntu)
Date: Wed, 25 Mar 2026 15:49:38 GMT
Content-Type: application/json; charset=utf-8
Connection: keep-alive
X-Powered-By: Express
Access-Control-Allow-Origin: *
authorization: Bearer eyJhbGciOiJIUzI1NiIsInR5cCI6IkpXVCJ9.eyJpZCI6IjY5YzQwNDEyOTg0MjcwMDAxYmU3M2RkNiIsImlhdCI6MTc3NDQ1Mzc3OCwiZXhwIjoxNzc0NDU0OTc4fQ.WpcaPCzq_9UJiMjiqehRafqyAfb4Ujm5Omb0U24ifGs
ETag: W/"176-KOglZZ8IDrTh4qvvBTczYwLbXb8"
Content-Length: 374

{
    "success": true,
    "user": {
        "email": "test794115800@gmail.ru",
        "name": "test794115800"
    },
    "accessToken": "Bearer eyJhbGciOiJIUzI1NiIsInR5cCI6IkpXVCJ9.eyJpZCI6IjY5YzQwNDEyOTg0MjcwMDAxYmU3M2RkNiIsImlhdCI6MTc3NDQ1Mzc3OCwiZXhwIjoxNzc0NDU0OTc4fQ.WpcaPCzq_9UJiMjiqehRafqyAfb4Ujm5Omb0U24ifGs",
    "refreshToken": "69adf4faae269be616d8236d794d6f9222aaba825dd561a39deb4b1364f3c7dd95edcc899feb3509"
}
Request method:	POST
Request URI:	https://stellarburgers.education-services.ru/api/auth/register
Proxy:			<none>
Request params:	<none>
Query params:	<none>
Form params:	<none>
Path params:	<none>
Headers:		Accept=*/*
				Content-Type=application/json
Cookies:		<none>
Multiparts:		<none>
Body:
{
    "email": "test794115800@gmail.ru",
    "password": "testtest",
    "name": "test794115800"
}
HTTP/1.1 403 Forbidden
Server: nginx/1.24.0 (Ubuntu)
Date: Wed, 25 Mar 2026 15:49:38 GMT
Content-Type: application/json; charset=utf-8
Connection: keep-alive
X-Powered-By: Express
Access-Control-Allow-Origin: *
ETag: W/"31-WKEMg8zALB1Ko0WjUHi/6RBGHVc"
Content-Length: 49

{
    "success": false,
    "message": "User already exists"
}
Request method:	DELETE
Request URI:	https://stellarburgers.education-services.ru/api/auth/user
Proxy:			<none>
Request params:	<none>
Query params:	<none>
Form params:	<none>
Path params:	<none>
Headers:		Accept=*/*
				Content-Type=application/json
Cookies:		<none>
Multiparts:		<none>
Body:			<none>
HTTP/1.1 202 Accepted
Server: nginx/1.24.0 (Ubuntu)
Date: Wed, 25 Mar 2026 15:49:39 GMT
Content-Type: application/json; charset=utf-8
Connection: keep-alive
X-Powered-By: Express
Access-Control-Allow-Origin: *
ETag: W/"36-hDmZnQ3Ou/ynnqAeC6TYmyseuzY"
Content-Length: 54

{
    "success": true,
    "message": "User successfully removed"
}
]]></system-out>
  </testcase>
  <testcase name="createUserWithoutRequiredFields(User)[1]" classname="test.user.CreateUserTest" time="0.366">
    <system-out><![CDATA[Request method:	POST
Request URI:	https://stellarburgers.education-services.ru/api/auth/register
Proxy:			<none>
Request params:	<none>
Query params:	<none>
Form params:	<none>
Path params:	<none>
Headers:		Accept=*/*
				Content-Type=application/json
Cookies:		<none>
Multiparts:		<none>
Body:
{
    "email": "",
    "password": "testtest",
    "name": "test1"
}
HTTP/1.1 403 Forbidden
Server: nginx/1.24.0 (Ubuntu)
Date: Wed, 25 Mar 2026 15:49:39 GMT
Content-Type: application/json; charset=utf-8
Connection: keep-alive
X-Powered-By: Express
Access-Control-Allow-Origin: *
ETag: W/"4a-EmWdisR78lCFKIQWVZ3yQkk5Ixs"
Content-Length: 74

{
    "success": false,
    "message": "Email, password and name are required fields"
}
]]></system-out>
  </testcase>
  <testcase name="createUserWithoutRequiredFields(User)[2]" classname="test.user.CreateUserTest" time="0.386">
    <system-out><![CDATA[Request method:	POST
Request URI:	https://stellarburgers.education-services.ru/api/auth/register
Proxy:			<none>
Request params:	<none>
Query params:	<none>
Form params:	<none>
Path params:	<none>
Headers:		Accept=*/*
				Content-Type=application/json
Cookies:		<none>
Multiparts:		<none>
Body:
{
    "email": "test123@mail.ru",
    "password": "testtest",
    "name": ""
}
HTTP/1.1 403 Forbidden
Server: nginx/1.24.0 (Ubuntu)
Date: Wed, 25 Mar 2026 15:49:40 GMT
Content-Type: application/json; charset=utf-8
Connection: keep-alive
X-Powered-By: Express
Access-Control-Allow-Origin: *
ETag: W/"4a-EmWdisR78lCFKIQWVZ3yQkk5Ixs"
Content-Length: 74

{
    "success": false,
    "message": "Email, password and name are required fields"
}
]]></system-out>
  </testcase>
  <testcase name="createUserWithoutRequiredFields(User)[3]" classname="test.user.CreateUserTest" time="0.339">
    <system-out><![CDATA[Request method:	POST
Request URI:	https://stellarburgers.education-services.ru/api/auth/register
Proxy:			<none>
Request params:	<none>
Query params:	<none>
Form params:	<none>
Path params:	<none>
Headers:		Accept=*/*
				Content-Type=application/json
Cookies:		<none>
Multiparts:		<none>
Body:
{
    "email": "test456@mail.ru",
    "password": "",
    "name": "testUser"
}
HTTP/1.1 403 Forbidden
Server: nginx/1.24.0 (Ubuntu)
Date: Wed, 25 Mar 2026 15:49:40 GMT
Content-Type: application/json; charset=utf-8
Connection: keep-alive
X-Powered-By: Express
Access-Control-Allow-Origin: *
ETag: W/"4a-EmWdisR78lCFKIQWVZ3yQkk5Ixs"
Content-Length: 74

{
    "success": false,
    "message": "Email, password and name are required fields"
}
]]></system-out>
  </testcase>
</testsuite>