<?xml version="1.0" encoding="UTF-8"?>
<testsuite xmlns:xsi="http://www.w3.org/2001/XMLSchema-instance" xsi:noNamespaceSchemaLocation="https://maven.apache.org/surefire/maven-surefire-plugin/xsd/surefire-test-report-3.0.xsd" version="3.0" name="test.user.LoginUserTest" time="7.213" tests="4" errors="0" skipped="0" failures="0">
  <properties>
[...]
</properties>
  <testcase name="loginNonExistentUserError(UserCredentials)[1]" classname="test.user.LoginUserTest" time="1.784">
    <system-out><![CDATA[Request method:	POST
Request URI:	https://stellarburgers.education-services.ru/api/auth/register
Proxy:			<none>
Request params:	<none>
Query params:	<none>
Form params:	<none>
Path params:	<none>
Headers:		Accept=*/*
				Content-Type=application/json
Cookies:		<none>
Multiparts:		<none>
Body:
{
    "email": "test631220300@gmail.ru",
    "password": "testtest",
    "name": "test631220300"
}
HTTP/1.1 200 OK
Server: nginx/1.24.0 (Ubuntu)
Date: Wed, 25 Mar 2026 15:49:41 GMT
Content-Type: application/json; charset=utf-8
Connection: keep-alive
X-Powered-By: Express
Access-Control-Allow-Origin: *
authorization: Bearer eyJhbGciOiJIUzI1NiIsInR5cCI6IkpXVCJ9.eyJpZCI6IjY5YzQwNDE1OTg0MjcwMDAxYmU3M2RkOCIsImlhdCI6MTc3NDQ1Mzc4MSwiZXhwIjoxNzc0NDU0OTgxfQ.-cTVQObhsVsTAtOurJpmdy75ovWSc3CdnNmHqPiH5-o
ETag: W/"176-/BPD9GG4CHYETJSKUX2VgETxuXk"
Content-Length: 374

{
    "success": true,
    "user": {
        "email": "test631220300@gmail.ru",
        "name": "test631220300"
    },
    "accessToken": "Bearer eyJhbGciOiJIUzI1NiIsInR5cCI6IkpXVCJ9.eyJpZCI6IjY5YzQwNDE1OTg0MjcwMDAxYmU3M2RkOCIsImlhdCI6MTc3NDQ1Mzc4MSwiZXhwIjoxNzc0NDU0OTgxfQ.-cTVQObhsVsTAtOurJpmdy75ovWSc3CdnNmHqPiH5-o",
    "refreshToken": "d4947783bc07e448807371c9ad723190cebe6d3680db697949373a8c3b7b9a665258e477e3c08520"
}
Request method:	POST
Request URI:	https://stellarburgers.education-services.ru/api/auth/login
Proxy:			<none>
Request params:	<none>
Query params:	<none>
Form params:	<none>
Path params:	<none>
Headers:		Accept=*/*
				Content-Type=application/json
Cookies:		<none>
Multiparts:		<none>
Body:
{
    "email": "test625898500@gmail.ru",
    "password": "testtest"
}
HTTP/1.1 401 Unauthorized
Server: nginx/1.24.0 (Ubuntu)
Date: Wed, 25 Mar 2026 15:49:41 GMT
Content-Type: application/json; charset=utf-8
Connection: keep-alive
X-Powered-By: Express
Access-Control-Allow-Origin: *
ETag: W/"3d-ad9nrqlzQBuoZ0AId1U3rIgKU84"
Content-Length: 61

{
    "success": false,
    "message": "email or password are incorrect"
}
Request method:	DELETE
Request URI:	https://stellarburgers.education-services.ru/api/auth/user
Proxy:			<none>
Request params:	<none>
Query params:	<none>
Form params:	<none>
Path params:	<none>
Headers:		Accept=*/*
				Content-Type=application/json
Cookies:		<none>
Multiparts:		<none>
Body:			<none>
HTTP/1.1 202 Accepted
Server: nginx/1.24.0 (Ubuntu)
Date: Wed, 25 Mar 2026 15:49:42 GMT
Content-Type: application/json; charset=utf-8
Connection: keep-alive
X-Powered-By: Express
Access-Control-Allow-Origin: *
ETag: W/"36-hDmZnQ3Ou/ynnqAeC6TYmyseuzY"
Content-Length: 54

{
    "success": true,
    "message": "User successfully removed"
}
]]></system-out>
  </testcase>
  <testcase name="loginNonExistentUserError(UserCredentials)[2]" classname="test.user.LoginUserTest" time="1.875">
    <system-out><![CDATA[Request method:	POST
Request URI:	https://stellarburgers.education-services.ru/api/auth/register
Proxy:			<none>
Request params:	<none>
Query params:	<none>
Form params:	<none>
Path params:	<none>
Headers:		Accept=*/*
				Content-Type=application/json
Cookies:		<none>
Multiparts:		<none>
Body:
{
    "email": "test420332600@gmail.ru",
    "password": "testtest",
    "name": "test420332600"
}
HTTP/1.1 200 OK
Server: nginx/1.24.0 (Ubuntu)
Date: Wed, 25 Mar 2026 15:49:42 GMT
Content-Type: application/json; charset=utf-8
Connection: keep-alive
X-Powered-By: Express
Access-Control-Allow-Origin: *
authorization: Bearer eyJhbGciOiJIUzI1NiIsInR5cCI6IkpXVCJ9.eyJpZCI6IjY5YzQwNDE2OTg0MjcwMDAxYmU3M2RkYSIsImlhdCI6MTc3NDQ1Mzc4MiwiZXhwIjoxNzc0NDU0OTgyfQ.VJxzp82Sit4F_HnfpWxwpsd1kfaCWhGQrNgD1N3JW-A
ETag: W/"176-962VzmuJrn7UGd1RMSv0HOrRDXY"
Content-Length: 374

{
    "success": true,
    "user": {
        "email": "test420332600@gmail.ru",
        "name": "test420332600"
    },
    "accessToken": "Bearer eyJhbGciOiJIUzI1NiIsInR5cCI6IkpXVCJ9.eyJpZCI6IjY5YzQwNDE2OTg0MjcwMDAxYmU3M2RkYSIsImlhdCI6MTc3NDQ1Mzc4MiwiZXhwIjoxNzc0NDU0OTgyfQ.VJxzp82Sit4F_HnfpWxwpsd1kfaCWhGQrNgD1N3JW-A",
    "refreshToken": "9f77344f0519d523e30fd64a99d20a14f8d98f5f618592bf2aac48ac1f07d53b26a77997459db0e9"
}
Request method:	POST
Request URI:	https://stellarburgers.education-services.ru/api/auth/login
Proxy:			<none>
Request params:	<none>
Query params:	<none>
Form params:	<none>
Path params:	<none>
Headers:		Accept=*/*
				Content-Type=application/json
Cookies:		<none>
Multiparts:		<none>
Body:
{
    "email": "",
    "password": "testtest"
}
HTTP/1.1 401 Unauthorized
Server: nginx/1.24.0 (Ubuntu)
Date: Wed, 25 Mar 2026 15:49:43 GMT
Content-Type: application/json; charset=utf-8
Connection: keep-alive
X-Powered-By: Express
Access-Control-Allow-Origin: *
ETag: W/"3d-ad9nrqlzQBuoZ0AId1U3rIgKU84"
Content-Length: 61

{
    "success": false,
    "message": "email or password are incorrect"
}
Request method:	DELETE
Request URI:	https://stellarburgers.education-services.ru/api/auth/user
Proxy:			<none>
Request params:	<none>
Query params:	<none>
Form params:	<none>
Path params:	<none>
Headers:		Accept=*/*
				Content-Type=application/json
Cookies:		<none>
Multiparts:		<none>
Body:			<none>
HTTP/1.1 202 Accepted
Server: nginx/1.24.0 (Ubuntu)
Date: Wed, 25 Mar 2026 15:49:44 GMT
Content-Type: application/json; charset=utf-8
Connection: keep-alive
X-Powered-By: Express
Access-Control-Allow-Origin: *
ETag: W/"36-hDmZnQ3Ou/ynnqAeC6TYmyseuzY"
Content-Length: 54

{
    "success": true,
    "message": "User successfully removed"
}
]]></system-out>
  </testcase>
  <testcase name="loginNonExistentUserError(UserCredentials)[3]" classname="test.user.LoginUserTest" time="1.697">
    <system-out><![CDATA[Request method:	POST
Request URI:	https://stellarburgers.education-services.ru/api/auth/register
Proxy:			<none>
Request params:	<none>
Query params:	<none>
Form params:	<none>
Path params:	<none>
Headers:		Accept=*/*
				Content-Type=application/json
Cookies:		<none>
Multiparts:		<none>
Body:
{
    "email": "test302416000@gmail.ru",
    "password": "testtest",
    "name": "test302416000"
}
HTTP/1.1 200 OK
Server: nginx/1.24.0 (Ubuntu)
Date: Wed, 25 Mar 2026 15:49:44 GMT
Content-Type: application/json; charset=utf-8
Connection: keep-alive
X-Powered-By: Express
Access-Control-Allow-Origin: *
authorization: Bearer eyJhbGciOiJIUzI1NiIsInR5cCI6IkpXVCJ9.eyJpZCI6IjY5YzQwNDE4OTg0MjcwMDAxYmU3M2RkYyIsImlhdCI6MTc3NDQ1Mzc4NCwiZXhwIjoxNzc0NDU0OTg0fQ.n87laXVtzsf2oFkA4Iw-LjzHq5WLau5mUPxOhsrSRj8
ETag: W/"176-twlCFtMVigHeUGwsotrppl/GSFg"
Content-Length: 374

{
    "success": true,
    "user": {
        "email": "test302416000@gmail.ru",
        "name": "test302416000"
    },
    "accessToken": "Bearer eyJhbGciOiJIUzI1NiIsInR5cCI6IkpXVCJ9.eyJpZCI6IjY5YzQwNDE4OTg0MjcwMDAxYmU3M2RkYyIsImlhdCI6MTc3NDQ1Mzc4NCwiZXhwIjoxNzc0NDU0OTg0fQ.n87laXVtzsf2oFkA4Iw-LjzHq5WLau5mUPxOhsrSRj8",
    "refreshToken": "df8209d98764d3fee4ee5ed50a09cc87c4f18c2e7c57e102b8c1848c9b8008ef67eadb5f5372b184"
}
Request method:	POST
Request URI:	https://stellarburgers.education-services.ru/api/auth/login
Proxy:			<none>
Request params:	<none>
Query params:	<none>
Form params:	<none>
Path params:	<none>
Headers:		Accept=*/*
				Content-Type=application/json
Cookies:		<none>
Multiparts:		<none>
Body:
{
    "email": "test456@mail.ru",
    "password": ""
}
HTTP/1.1 401 Unauthorized
Server: nginx/1.24.0 (Ubuntu)
Date: Wed, 25 Mar 2026 15:49:44 GMT
Content-Type: application/json; charset=utf-8
Connection: keep-alive
X-Powered-By: Express
Access-Control-Allow-Origin: *
ETag: W/"3d-ad9nrqlzQBuoZ0AId1U3rIgKU84"
Content-Length: 61

{
    "success": false,
    "message": "email or password are incorrect"
}
Request method:	DELETE
Request URI:	https://stellarburgers.education-services.ru/api/auth/user
Proxy:			<none>
Request params:	<none>
Query params:	<none>
Form params:	<none>
Path params:	<none>
Headers:		Accept=*/*
				Content-Type=application/json
Cookies:		<none>
Multiparts:		<none>
Body:			<none>
HTTP/1.1 202 Accepted
Server: nginx/1.24.0 (Ubuntu)
Date: Wed, 25 Mar 2026 15:49:45 GMT
Content-Type: application/json; charset=utf-8
Connection: keep-alive
X-Powered-By: Express
Access-Control-Allow-Origin: *
ETag: W/"36-hDmZnQ3Ou/ynnqAeC6TYmyseuzY"
Content-Length: 54

{
    "success": true,
    "message": "User successfully removed"
}
]]></system-out>
  </testcase>
  <testcase name="loginUserSuccess" classname="test.user.LoginUserTest" time="1.797">
    <system-out><![CDATA[Request method:	POST
Request URI:	https://stellarburgers.education-services.ru/api/auth/register
Proxy:			<none>
Request params:	<none>
Query params:	<none>
Form params:	<none>
Path params:	<none>
Headers:		Accept=*/*
				Content-Type=application/json
Cookies:		<none>
Multiparts:		<none>
Body:
{
    "email": "test12552400@gmail.ru",
    "password": "testtest",
    "name": "test12552400"
}
HTTP/1.1 200 OK
Server: nginx/1.24.0 (Ubuntu)
Date: Wed, 25 Mar 2026 15:49:46 GMT
Content-Type: application/json; charset=utf-8
Connection: keep-alive
X-Powered-By: Express
Access-Control-Allow-Origin: *
authorization: Bearer eyJhbGciOiJIUzI1NiIsInR5cCI6IkpXVCJ9.eyJpZCI6IjY5YzQwNDFhOTg0MjcwMDAxYmU3M2RkZSIsImlhdCI6MTc3NDQ1Mzc4NiwiZXhwIjoxNzc0NDU0OTg2fQ.9BHbBTyIp5iG371TwienAMxW0w_GurFHFMw2zyPmlm8
ETag: W/"174-f+vBIXSxNWs9mq/xG394g4ii/zU"
Content-Length: 372

{
    "success": true,
    "user": {
        "email": "test12552400@gmail.ru",
        "name": "test12552400"
    },
    "accessToken": "Bearer eyJhbGciOiJIUzI1NiIsInR5cCI6IkpXVCJ9.eyJpZCI6IjY5YzQwNDFhOTg0MjcwMDAxYmU3M2RkZSIsImlhdCI6MTc3NDQ1Mzc4NiwiZXhwIjoxNzc0NDU0OTg2fQ.9BHbBTyIp5iG371TwienAMxW0w_GurFHFMw2zyPmlm8",
    "refreshToken": "fcf6c68d0c916300c18ce81d9bcf868bcce9941b611f29f062f9b7978b4901777c97fdaf2b382cf7"
}
Request method:	POST
Request URI:	https://stellarburgers.education-services.ru/api/auth/login
Proxy:			<none>
Request params:	<none>
Query params:	<none>
Form params:	<none>
Path params:	<none>
Headers:		Accept=*/*
				Content-Type=application/json
Cookies:		<none>
Multiparts:		<none>
Body:
{
    "email": "test12552400@gmail.ru",
    "password": "testtest"
}
HTTP/1.1 200 OK
Server: nginx/1.24.0 (Ubuntu)
Date: Wed, 25 Mar 2026 15:49:46 GMT
Content-Type: application/json; charset=utf-8
Connection: keep-alive
X-Powered-By: Express
Access-Control-Allow-Origin: *
ETag: W/"174-7YrLV7cnC0crGZ32zFXhdS0aWt0"
Content-Length: 372

{
    "success": true,
    "accessToken": "Bearer eyJhbGciOiJIUzI1NiIsInR5cCI6IkpXVCJ9.eyJpZCI6IjY5YzQwNDFhOTg0MjcwMDAxYmU3M2RkZSIsImlhdCI6MTc3NDQ1Mzc4NiwiZXhwIjoxNzc0NDU0OTg2fQ.9BHbBTyIp5iG371TwienAMxW0w_GurFHFMw2zyPmlm8",
    "refreshToken": "9c79d343ab7be70c4190890569ce82bccbc17d84c68a1dda805eda12032f8d671420435269439435",
    "user": {
        "email": "test12552400@gmail.ru",
        "name": "test12552400"
    }
}
Request method:	DELETE
Request URI:	https://stellarburgers.education-services.ru/api/auth/user
Proxy:			<none>
Request params:	<none>
Query params:	<none>
Form params:	<none>
Path params:	<none>
Headers:		Accept=*/*
				Content-Type=application/json
Cookies:		<none>
Multiparts:		<none>
Body:			<none>
HTTP/1.1 202 Accepted
Server: nginx/1.24.0 (Ubuntu)
Date: Wed, 25 Mar 2026 15:49:47 GMT
Content-Type: application/json; charset=utf-8
Connection: keep-alive
X-Powered-By: Express
Access-Control-Allow-Origin: *
ETag: W/"36-hDmZnQ3Ou/ynnqAeC6TYmyseuzY"
Content-Length: 54

{
    "success": true,
    "message": "User successfully removed"
}
]]></system-out>
  </testcase>
</testsuite>